18.03.2024 8:31:53 (system): milos se úspěšně přihlásit do aplikace.
18.03.2024 8:33:18 (system): milos uložil svůj překlad do mor.txt
18.03.2024 8:41:19 (system): milos se odhlásil.
18.03.2024 8:44:12 (system): Anonymous se úspěšně přihlásit do aplikace.
18.03.2024 8:47:33 (system): Anonymous se úspěšně přihlásit do aplikace.
18.03.2024 8:48:37 (system): Anonymous uložil svůj překlad do mor2.txt
18.03.2024 8:49:03 (system): Anonymous ukončil program.
18.03.2024 8:50:36 (system): Anonymous se úspěšně přihlásit do aplikace.
18.03.2024 8:51:36 (system): Anonymous se úspěšně přihlásit do aplikace.
18.03.2024 8:54:03 (system): Anonymous se úspěšně přihlásit do aplikace.
18.03.2024 8:57:15 (system): Anonymous se úspěšně přihlásit do aplikace.
18.03.2024 8:59:27 (system): Anonymous se úspěšně přihlásit do aplikace.
18.03.2024 9:00:58 (system): Anonymous uložil svůj překlad do exiit.txt
18.03.2024 9:01:00 (system): Anonymous ukončil program.
18.03.2024 9:01:07 (system): Anonymous se úspěšně přihlásit do aplikace.
18.03.2024 11:01:13 (system): Anonymous se úspěšně přihlásit do aplikace.
18.03.2024 11:02:08 (system): Anonymous uložil svůj překlad do abc.txt
18.03.2024 11:02:46 (system): Anonymous ukončil program.
31.03.2024 16:58:20 (system): Anonymous se úspěšně přihlásit do aplikace.
31.03.2024 16:59:07 (system): Anonymous uložil svůj překlad do pdf.pdf
31.03.2024 16:59:20 (system): Anonymous ukončil program.
31.03.2024 20:06:48 (system): Anonymous se úspěšně přihlásit do aplikace.
31.03.2024 20:10:20 (system): Anonymous uložil svůj překlad do ok.txt
31.03.2024 20:13:26 (system): Anonymous uložil svůj překlad do ok1.txt
31.03.2024 20:15:05 (system): Anonymous uložil svůj překlad do ok.pdf
31.03.2024 20:15:36 (system): Anonymous se odhlásil.
31.03.2024 20:15:55 (system): Byl vytvořen nový uživatel ondra.
31.03.2024 20:15:55 (system): Byla vytvořena složka pro uživatele ondra
31.03.2024 20:15:55 (system): ondra se úspěšně přihlásit do aplikace.
31.03.2024 20:16:33 (system): ondra se odhlásil.
31.03.2024 20:16:43 (system): milos se úspěšně přihlásit do aplikace.
31.03.2024 20:16:56 (system): milos se odhlásil.
31.03.2024 20:17:03 (system): admin se úspěšně přihlásit do aplikace.
